INFO 2021/9/1下午9:32:46  luanchFromDiffVersion, pre version is undefined
INFO 2021/9/1下午9:32:46  overwriteThemeFolder
INFO 2021/9/1下午9:32:46  ------------------start------------------
INFO 2021/9/1下午9:32:46  typora version: 0.11.7
INFO 2021/9/1下午9:32:46  [Raven] instanceKey = 8471b3e3-5bf6-44f6-9d50-92a6d3489c97
INFO 2021/9/1下午9:32:46  added recovery 1 null undefined (0)
INFO 2021/9/1下午9:32:46  [focus] 1
INFO 2021/9/1下午9:32:46  synced recovery
INFO 2021/9/1下午9:32:46  [Raven] userId = 430e04ec-beb5-4728-b41b-b8bba8b4ad57
INFO 2021/9/1下午9:32:47  handle document.loadInitData
INFO 2021/9/1下午9:32:47  added recovery 1 undefined undefined (0)
INFO 2021/9/1下午9:32:47  synced recovery
INFO 2021/9/1下午9:32:59  synced recovery
INFO 2021/9/1下午9:32:59  ----------------before-quit-----------------
INFO 2021/9/1下午9:32:59  ------------------will-quit------------------
INFO 2021/9/1下午9:32:59  -----------------quit------------------
INFO 2021/9/1下午9:32:59  closeLogging
INFO 2021/9/2下午6:28:13  ------------------start------------------
INFO 2021/9/2下午6:28:13  typora version: 0.11.7
INFO 2021/9/2下午6:28:13  [Raven] instanceKey = bf295e6e-10bd-41a9-ab52-dfc9968c9f5a
INFO 2021/9/2下午6:28:13  added recovery 1 null undefined (0)
INFO 2021/9/2下午6:28:13  [Raven] userId = 430e04ec-beb5-4728-b41b-b8bba8b4ad57
INFO 2021/9/2下午6:28:13  [focus] 1
INFO 2021/9/2下午6:28:13  synced recovery
INFO 2021/9/2下午6:28:14  handle document.loadInitData
INFO 2021/9/2下午6:28:14  added recovery 1 undefined undefined (0)
INFO 2021/9/2下午6:28:14  synced recovery
INFO 2021/9/2下午6:28:18  added recovery 1 undefined z (1)
INFO 2021/9/2下午6:28:18  synced recovery
INFO 2021/9/2下午6:28:19  added recovery 1 undefined za (2)
INFO 2021/9/2下午6:28:19  synced recovery
INFO 2021/9/2下午6:28:22  added recovery 1 undefined 在本次 (3)
INFO 2021/9/2下午6:28:22  synced recovery
INFO 2021/9/2下午6:28:26  added recovery 1 undefined 在本次社会实践活动中 (10)
INFO 2021/9/2下午6:28:26  synced recovery
INFO 2021/9/2下午6:28:47  added recovery 1 undefined 渠道在本次社会实践活动中我 (13)
INFO 2021/9/2下午6:28:47  synced recovery
INFO 2021/9/2下午6:28:48  added recovery 1 undefined 渠在本次社会实践活动中我 (12)
INFO 2021/9/2下午6:28:48  synced recovery
INFO 2021/9/2下午6:28:50  added recovery 1 undefined 东马村在本次社会实践活动中我 (14)
INFO 2021/9/2下午6:28:50  synced recovery
INFO 2021/9/2下午6:28:50  added recovery 1 undefined 东马在本次社会实践活动中我 (13)
INFO 2021/9/2下午6:28:50  synced recovery
INFO 2021/9/2下午6:28:53  added recovery 1 undefined 东马村在本次社会实践活动中我 (14)
INFO 2021/9/2下午6:28:53  synced recovery
INFO 2021/9/2下午6:28:57  added recovery 1 undefined 东马村的社会实践在本次社会实践活动中我 (19)
INFO 2021/9/2下午6:28:57  synced recovery
INFO 2021/9/2下午6:29:02  added recovery 1 undefined 东马村的社会实践活动已经结束了在本次社会实践活动中我 (26)
INFO 2021/9/2下午6:29:02  synced recovery
INFO 2021/9/2下午6:29:06  added recovery 1 undefined 东马村的社会实践活动已经结束了，在 (17)
INFO 2021/9/2下午6:29:06  synced recovery
INFO 2021/9/2下午6:29:08  added recovery 1 undefined 东马村的社会实践活动已经结束了，我也 (18)
INFO 2021/9/2下午6:29:08  synced recovery
INFO 2021/9/2下午6:29:13  added recovery 1 undefined 东马村的社会实践活动已经结束了，我也从中收获了 (23)
INFO 2021/9/2下午6:29:13  synced recovery
INFO 2021/9/2下午6:32:05  [blur] 1
INFO 2021/9/2下午6:32:05  [win] blur
INFO 2021/9/2下午6:32:31  [focus] 1
INFO 2021/9/2下午6:41:57  added recovery 1 undefined 东马村的社会实践活动已经结束了，我也从中收获了许多 (25)
INFO 2021/9/2下午6:41:57  synced recovery
INFO 2021/9/2下午6:42:18  added recovery 1 undefined 东马村的社会实践活动已经结束了，我也从中收获了许多学到了 (28)
INFO 2021/9/2下午6:42:18  synced recovery
INFO 2021/9/2下午6:42:25  added recovery 1 undefined 东马村的社会实践活动已经结束了，我也从中收获了许多学到了很多 (30)
INFO 2021/9/2下午6:42:25  synced recovery
INFO 2021/9/2下午6:42:25  added recovery 1 undefined 东马村的社会实践活动已经结束了，我也从中收获了许多学到了很多， (31)
INFO 2021/9/2下午6:42:25  synced recovery
INFO 2021/9/2下午6:42:28  added recovery 1 undefined 东马村的社会实践活动已经结束了，我也从中收获了许多学到了很多，所以想 (34)
INFO 2021/9/2下午6:42:28  synced recovery
INFO 2021/9/2下午6:42:33  added recovery 1 undefined 东马村的社会实践活动已经结束了，我也从中收获了许多学到了很多，所以想录个视频说说 (40)
INFO 2021/9/2下午6:42:33  synced recovery
INFO 2021/9/2下午6:42:36  added recovery 1 undefined 东马村的社会实践活动已经结束了，我也从中收获了许多学到了很多，所以想录个视频说说自己的感想。 (46)
INFO 2021/9/2下午6:42:36  synced recovery
INFO 2021/9/2下午6:42:37  added recovery 1 undefined 东马村的社会实践活动已经结束了，我也从中收获了许多学到了很多，所以想录个视频说说自己的感想。

 (48)
INFO 2021/9/2下午6:42:37  synced recovery
INFO 2021/9/2下午6:42:45  [blur] 1
INFO 2021/9/2下午6:42:45  [win] blur
INFO 2021/9/2下午6:44:01  [focus] 1
INFO 2021/9/2下午6:44:01  [blur] 1
INFO 2021/9/2下午6:44:01  [win] blur
INFO 2021/9/2下午6:44:15  [focus] 1
INFO 2021/9/2下午6:44:16  [blur] 1
INFO 2021/9/2下午6:44:16  [win] blur
INFO 2021/9/2下午6:45:19  [focus] 1
INFO 2021/9/2下午6:45:24  added recovery 1 undefined "东马村的社会实践活动已经结束了...频说说自己的感想。





" (52)
INFO 2021/9/2下午6:45:24  synced recovery
INFO 2021/9/2下午6:45:27  added recovery 1 undefined "东马村的社会实践活动已经结束了...自己的感想。

首先是



" (55)
INFO 2021/9/2下午6:45:27  synced recovery
INFO 2021/9/2下午6:45:31  added recovery 1 undefined "东马村的社会实践活动已经结束了...。

首先是东马村的变



" (60)
INFO 2021/9/2下午6:45:31  synced recovery
INFO 2021/9/2下午6:45:31  added recovery 1 undefined "东马村的社会实践活动已经结束了...想。

首先是东马村的



" (59)
INFO 2021/9/2下午6:45:31  synced recovery
INFO 2021/9/2下午6:45:33  added recovery 1 undefined "东马村的社会实践活动已经结束了...想。

首先是东马村从



" (59)
INFO 2021/9/2下午6:45:33  synced recovery
INFO 2021/9/2下午6:45:54  [blur] 1
INFO 2021/9/2下午6:45:54  [win] blur
INFO 2021/9/2下午6:48:30  [focus] 1
INFO 2021/9/2下午6:49:06  [blur] 1
INFO 2021/9/2下午6:49:06  [win] blur
INFO 2021/9/2下午6:49:09  [focus] 1
INFO 2021/9/2下午6:49:15  added recovery 1 undefined "东马村的社会实践活动已经结束了...马村从旧村到新村的巨大



" (67)
INFO 2021/9/2下午6:49:15  synced recovery
INFO 2021/9/2下午6:49:24  added recovery 1 undefined "东马村的社会实践活动已经结束了...村到新村的巨大变化，从



" (71)
INFO 2021/9/2下午6:49:24  synced recovery
INFO 2021/9/2下午6:49:27  added recovery 1 undefined "东马村的社会实践活动已经结束了...的巨大变化，从原来的太



" (75)
INFO 2021/9/2下午6:49:27  synced recovery
INFO 2021/9/2下午6:49:31  added recovery 1 undefined "东马村的社会实践活动已经结束了...化，从原来的太岗山搬迁



" (79)
INFO 2021/9/2下午6:49:31  synced recovery
INFO 2021/9/2下午6:49:35  added recovery 1 undefined "东马村的社会实践活动已经结束了...太岗山搬迁下去后解决了



" (85)
INFO 2021/9/2下午6:49:35  synced recovery
INFO 2021/9/2下午6:49:39  added recovery 1 undefined "东马村的社会实践活动已经结束了...迁下去后解决了许多问题



" (89)
INFO 2021/9/2下午6:49:39  synced recovery
INFO 2021/9/2下午6:49:40  added recovery 1 undefined "东马村的社会实践活动已经结束了...搬迁下去后解决了许多问



" (88)
INFO 2021/9/2下午6:49:40  synced recovery
INFO 2021/9/2下午6:49:43  added recovery 1 undefined "东马村的社会实践活动已经结束了...山搬迁下去后解决了包括



" (87)
INFO 2021/9/2下午6:49:43  synced recovery
INFO 2021/9/2下午6:49:49  added recovery 1 undefined "东马村的社会实践活动已经结束了...后解决了包括医疗、近亲



" (92)
INFO 2021/9/2下午6:49:49  synced recovery
INFO 2021/9/2下午6:49:59  added recovery 1 undefined "东马村的社会实践活动已经结束了...决了包括医疗、近亲繁殖



" (96)
INFO 2021/9/2下午6:49:59  synced recovery
INFO 2021/9/2下午6:50:03  added recovery 1 undefined "东马村的社会实践活动已经结束了...了包括医疗、近亲繁殖、



" (98)
INFO 2021/9/2下午6:50:03  synced recovery
INFO 2021/9/2下午6:50:06  added recovery 1 undefined "东马村的社会实践活动已经结束了...医疗、近亲繁殖、教育等



" (101)
INFO 2021/9/2下午6:50:06  synced recovery
INFO 2021/9/2下午6:50:57  added recovery 1 undefined "东马村的社会实践活动已经结束了...繁殖、教育等许多问题，



" (106)
INFO 2021/9/2下午6:50:57  synced recovery
INFO 2021/9/2下午6:51:00  added recovery 1 undefined "东马村的社会实践活动已经结束了...、教育等许多问题，也机



" (108)
INFO 2021/9/2下午6:51:00  synced recovery
INFO 2021/9/2下午6:51:01  added recovery 1 undefined "东马村的社会实践活动已经结束了...、教育等许多问题，也给



" (108)
INFO 2021/9/2下午6:51:01  synced recovery
INFO 2021/9/2下午6:51:05  added recovery 1 undefined "东马村的社会实践活动已经结束了...许多问题，也给了村民发



" (112)
INFO 2021/9/2下午6:51:05  synced recovery
INFO 2021/9/2下午6:51:06  added recovery 1 undefined "东马村的社会实践活动已经结束了...多问题，也给了村民自主



" (113)
INFO 2021/9/2下午6:51:06  synced recovery
INFO 2021/9/2下午6:51:10  added recovery 1 undefined "东马村的社会实践活动已经结束了...村民自主创业发展的条件



" (120)
INFO 2021/9/2下午6:51:10  synced recovery
INFO 2021/9/2下午6:51:14  added recovery 1 undefined "东马村的社会实践活动已经结束了...民自主创业发展的条件，



" (121)
INFO 2021/9/2下午6:51:14  synced recovery
INFO 2021/9/2下午6:51:19  added recovery 1 undefined "东马村的社会实践活动已经结束了...主创业发展的条件，如今



" (123)
INFO 2021/9/2下午6:51:19  synced recovery
INFO 2021/9/2下午6:51:21  added recovery 1 undefined "东马村的社会实践活动已经结束了...创业发展的条件，如今懂



" (124)
INFO 2021/9/2下午6:51:21  synced recovery
INFO 2021/9/2下午6:51:23  added recovery 1 undefined "东马村的社会实践活动已经结束了...业发展的条件，如今东马



" (125)
INFO 2021/9/2下午6:51:23  synced recovery
INFO 2021/9/2下午6:51:26  added recovery 1 undefined "东马村的社会实践活动已经结束了...展的条件，如今东马新村



" (127)
INFO 2021/9/2下午6:51:26  synced recovery
INFO 2021/9/2下午6:51:28  added recovery 1 undefined "东马村的社会实践活动已经结束了...的条件，如今东马新村有



" (128)
INFO 2021/9/2下午6:51:28  synced recovery
INFO 2021/9/2下午6:51:32  added recovery 1 undefined "东马村的社会实践活动已经结束了...今东马新村有完善的设施



" (133)
INFO 2021/9/2下午6:51:32  synced recovery
INFO 2021/9/2下午6:51:45  added recovery 1 undefined "东马村的社会实践活动已经结束了...新村有完善的设施，村民



" (136)
INFO 2021/9/2下午6:51:45  synced recovery
INFO 2021/9/2下午6:51:51  added recovery 1 undefined "东马村的社会实践活动已经结束了...完善的设施，村民有安逸



" (139)
INFO 2021/9/2下午6:51:51  synced recovery
INFO 2021/9/2下午6:52:00  added recovery 1 undefined "东马村的社会实践活动已经结束了...村民有安逸的生活，村子



" (145)
INFO 2021/9/2下午6:52:00  synced recovery
INFO 2021/9/2下午6:52:03  added recovery 1 undefined "东马村的社会实践活动已经结束了...逸的生活，村子有刘文川



" (149)
INFO 2021/9/2下午6:52:03  synced recovery
INFO 2021/9/2下午6:52:05  added recovery 1 undefined "东马村的社会实践活动已经结束了...的生活，村子有刘文川显



" (150)
INFO 2021/9/2下午6:52:05  synced recovery
INFO 2021/9/2下午6:52:07  added recovery 1 undefined "东马村的社会实践活动已经结束了...生活，村子有刘文川先生



" (151)
INFO 2021/9/2下午6:52:07  synced recovery
INFO 2021/9/2下午6:52:10  added recovery 1 undefined "东马村的社会实践活动已经结束了...，村子有刘文川先生这样



" (153)
INFO 2021/9/2下午6:52:10  synced recovery
INFO 2021/9/2下午6:52:13  added recovery 1 undefined "东马村的社会实践活动已经结束了...子有刘文川先生这样能力



" (155)
INFO 2021/9/2下午6:52:13  synced recovery
INFO 2021/9/2下午6:52:17  added recovery 1 undefined "东马村的社会实践活动已经结束了...有刘文川先生这样能力强



" (156)
INFO 2021/9/2下午6:52:17  synced recovery
INFO 2021/9/2下午6:52:21  added recovery 1 undefined "东马村的社会实践活动已经结束了...先生这样能力强，责任心



" (160)
INFO 2021/9/2下午6:52:21  synced recovery
INFO 2021/9/2下午6:52:25  added recovery 1 undefined "东马村的社会实践活动已经结束了...能力强，责任心强的村长



" (164)
INFO 2021/9/2下午6:52:25  synced recovery
INFO 2021/9/2下午6:52:34  added recovery 1 undefined "东马村的社会实践活动已经结束了...任心强的村长带领，让我



" (169)
INFO 2021/9/2下午6:52:34  synced recovery
INFO 2021/9/2下午6:52:36  added recovery 1 undefined "东马村的社会实践活动已经结束了...心强的村长带领，让我不



" (170)
INFO 2021/9/2下午6:52:36  synced recovery
INFO 2021/9/2下午6:52:38  added recovery 1 undefined "东马村的社会实践活动已经结束了...强的村长带领，让我不禁



" (171)
INFO 2021/9/2下午6:52:38  synced recovery
INFO 2021/9/2下午6:52:41  added recovery 1 undefined "东马村的社会实践活动已经结束了...带领，让我不禁感叹中国



" (175)
INFO 2021/9/2下午6:52:41  synced recovery
INFO 2021/9/2下午6:52:52  [blur] 1
INFO 2021/9/2下午6:52:52  [win] blur
INFO 2021/9/2下午6:52:59  [focus] 1
INFO 2021/9/2下午6:54:23  [blur] 1
INFO 2021/9/2下午6:54:23  [win] blur
INFO 2021/9/2下午6:54:31  [focus] 1
INFO 2021/9/2下午6:54:31  [blur] 1
INFO 2021/9/2下午6:54:31  [win] blur
INFO 2021/9/2下午6:55:39  [focus] 1
INFO 2021/9/2下午6:56:00  added recovery 1 undefined "东马村的社会实践活动已经结束了...禁感叹中国的新农村真的



" (181)
INFO 2021/9/2下午6:56:00  synced recovery
INFO 2021/9/2下午6:56:04  added recovery 1 undefined "东马村的社会实践活动已经结束了...国的新农村真的朝着小康



" (185)
INFO 2021/9/2下午6:56:04  synced recovery
INFO 2021/9/2下午6:56:07  added recovery 1 undefined "东马村的社会实践活动已经结束了...农村真的朝着小康迈进了



" (188)
INFO 2021/9/2下午6:56:07  synced recovery
INFO 2021/9/2下午6:56:14  added recovery 1 undefined "东马村的社会实践活动已经结束了...真的朝着小康迈进了。这



" (190)
INFO 2021/9/2下午6:56:14  synced recovery
INFO 2021/9/2下午6:56:18  added recovery 1 undefined "东马村的社会实践活动已经结束了...朝着小康迈进了。这是中



" (192)
INFO 2021/9/2下午6:56:18  synced recovery
INFO 2021/9/2下午6:56:20  added recovery 1 undefined "东马村的社会实践活动已经结束了...朝着小康迈进了。我认为



" (192)
INFO 2021/9/2下午6:56:20  synced recovery
INFO 2021/9/2下午6:56:23  added recovery 1 undefined "东马村的社会实践活动已经结束了...。我认为东马村可以作为



" (199)
INFO 2021/9/2下午6:56:23  synced recovery
INFO 2021/9/2下午6:56:27  added recovery 1 undefined "东马村的社会实践活动已经结束了...村可以作为中国农村发展



" (205)
INFO 2021/9/2下午6:56:27  synced recovery
INFO 2021/9/2下午6:56:28  added recovery 1 undefined "东马村的社会实践活动已经结束了...村可以作为中国农村发展



" (205)
INFO 2021/9/2下午6:56:28  synced recovery
INFO 2021/9/2下午6:56:30  added recovery 1 undefined "东马村的社会实践活动已经结束了...马村可以作为中国新时代



" (204)
INFO 2021/9/2下午6:56:30  synced recovery
INFO 2021/9/2下午6:56:34  added recovery 1 undefined "东马村的社会实践活动已经结束了...国新时代农村发展的典范



" (211)
INFO 2021/9/2下午6:56:34  synced recovery
INFO 2021/9/2下午6:56:57  added recovery 1 undefined "东马村的社会实践活动已经结束了...代农村发展的典范，希望



" (214)
INFO 2021/9/2下午6:56:57  synced recovery
INFO 2021/9/2下午6:57:00  added recovery 1 undefined "东马村的社会实践活动已经结束了...发展的典范，希望祖国的



" (217)
INFO 2021/9/2下午6:57:00  synced recovery
INFO 2021/9/2下午6:57:05  added recovery 1 undefined "东马村的社会实践活动已经结束了...，希望祖国的人民都更加



" (222)
INFO 2021/9/2下午6:57:05  synced recovery
INFO 2021/9/2下午6:57:07  added recovery 1 undefined "东马村的社会实践活动已经结束了...范，希望祖国的人民都更



" (221)
INFO 2021/9/2下午6:57:07  synced recovery
INFO 2021/9/2下午6:57:09  added recovery 1 undefined "东马村的社会实践活动已经结束了...展的典范，希望祖国人民



" (218)
INFO 2021/9/2下午6:57:09  synced recovery
INFO 2021/9/2下午6:57:13  added recovery 1 undefined "东马村的社会实践活动已经结束了...国人民的生活都更加幸福



" (226)
INFO 2021/9/2下午6:57:13  synced recovery
INFO 2021/9/2下午6:57:14  added recovery 1 undefined "东马村的社会实践活动已经结束了...的生活都更加幸福。





" (229)
INFO 2021/9/2下午6:57:14  synced recovery
INFO 2021/9/2下午6:57:16  added recovery 1 undefined "东马村的社会实践活动已经结束了...活都更加幸福。

其次



" (231)
INFO 2021/9/2下午6:57:16  synced recovery
INFO 2021/9/2下午6:58:15  added recovery 1 undefined "东马村的社会实践活动已经结束了...加幸福。

其次是村长



" (234)
INFO 2021/9/2下午6:58:15  synced recovery
INFO 2021/9/2下午6:58:18  added recovery 1 undefined "东马村的社会实践活动已经结束了...
其次是村长刘文川先生



" (239)
INFO 2021/9/2下午6:58:18  synced recovery
INFO 2021/9/2下午6:58:23  added recovery 1 undefined "东马村的社会实践活动已经结束了...村长刘文川先生给我上了



" (243)
INFO 2021/9/2下午6:58:23  synced recovery
INFO 2021/9/2下午6:58:24  added recovery 1 undefined "东马村的社会实践活动已经结束了...是村长刘文川先生给我上



" (242)
INFO 2021/9/2下午6:58:24  synced recovery
INFO 2021/9/2下午6:58:28  added recovery 1 undefined "东马村的社会实践活动已经结束了...其次是村长刘文川先生也



" (240)
INFO 2021/9/2下午6:58:28  synced recovery
INFO 2021/9/2下午6:58:33  added recovery 1 undefined "东马村的社会实践活动已经结束了...村长刘文川先生也让我的



" (243)
INFO 2021/9/2下午6:58:33  synced recovery
INFO 2021/9/2下午6:58:39  added recovery 1 undefined "东马村的社会实践活动已经结束了...川先生也让我的认知有了



" (247)
INFO 2021/9/2下午6:58:39  synced recovery
INFO 2021/9/2下午6:59:00  added recovery 1 undefined "东马村的社会实践活动已经结束了...我的认知有了进步。一个



" (252)
INFO 2021/9/2下午6:59:00  synced recovery
INFO 2021/9/2下午6:59:14  added recovery 1 undefined "东马村的社会实践活动已经结束了...了进步。一个有能力得人



" (257)
INFO 2021/9/2下午6:59:14  synced recovery
INFO 2021/9/2下午6:59:15  added recovery 1 undefined "东马村的社会实践活动已经结束了...有了进步。一个有能力得



" (256)
INFO 2021/9/2下午6:59:15  synced recovery
INFO 2021/9/2下午6:59:15  added recovery 1 undefined "东马村的社会实践活动已经结束了...有了进步。一个有能力的



" (256)
INFO 2021/9/2下午6:59:15  synced recovery
INFO 2021/9/2下午6:59:38  added recovery 1 undefined "东马村的社会实践活动已经结束了...。一个有能力的人，一个



" (260)
INFO 2021/9/2下午6:59:38  synced recovery
INFO 2021/9/2下午6:59:42  added recovery 1 undefined "东马村的社会实践活动已经结束了...，一个优秀的人并不一定



" (268)
INFO 2021/9/2下午6:59:42  synced recovery
INFO 2021/9/2下午6:59:43  added recovery 1 undefined "东马村的社会实践活动已经结束了...人，一个优秀的人并不一



" (267)
INFO 2021/9/2下午6:59:43  synced recovery
INFO 2021/9/2下午6:59:46  added recovery 1 undefined "东马村的社会实践活动已经结束了...了进步。一个有能力的人



" (257)
INFO 2021/9/2下午6:59:46  synced recovery
INFO 2021/9/2下午6:59:49  added recovery 1 undefined "东马村的社会实践活动已经结束了...我的认知有了进步。以为



" (252)
INFO 2021/9/2下午6:59:49  synced recovery
INFO 2021/9/2下午6:59:50  added recovery 1 undefined "东马村的社会实践活动已经结束了...让我的认知有了进步。以



" (251)
INFO 2021/9/2下午6:59:50  synced recovery
INFO 2021/9/2下午6:59:52  added recovery 1 undefined "东马村的社会实践活动已经结束了...我的认知有了进步。一位



" (252)
INFO 2021/9/2下午6:59:52  synced recovery
INFO 2021/9/2下午6:59:56  added recovery 1 undefined "东马村的社会实践活动已经结束了...步。一位优秀的人不一定



" (259)
INFO 2021/9/2下午6:59:56  synced recovery
INFO 2021/9/2下午7:00:05  added recovery 1 undefined "东马村的社会实践活动已经结束了...一位优秀的人不一定要有



" (261)
INFO 2021/9/2下午7:00:05  synced recovery
INFO 2021/9/2下午7:00:09  added recovery 1 undefined "东马村的社会实践活动已经结束了...定要有高学历，而是怀着



" (269)
INFO 2021/9/2下午7:00:09  synced recovery
INFO 2021/9/2下午7:00:14  added recovery 1 undefined "东马村的社会实践活动已经结束了...，而是怀着一颗不断学习



" (275)
INFO 2021/9/2下午7:00:14  synced recovery
INFO 2021/9/2下午7:00:17  added recovery 1 undefined "东马村的社会实践活动已经结束了...怀着一颗不断学习，不断



" (278)
INFO 2021/9/2下午7:00:17  synced recovery
INFO 2021/9/2下午7:00:19  added recovery 1 undefined "东马村的社会实践活动已经结束了...颗不断学习，不断思考我



" (281)
INFO 2021/9/2下午7:00:19  synced recovery
INFO 2021/9/2下午7:00:20  added recovery 1 undefined "东马村的社会实践活动已经结束了...颗不断学习，不断思考的



" (281)
INFO 2021/9/2下午7:00:20  synced recovery
INFO 2021/9/2下午7:00:25  added recovery 1 undefined "东马村的社会实践活动已经结束了...断学习，不断思考的心，



" (283)
INFO 2021/9/2下午7:00:25  synced recovery
INFO 2021/9/2下午7:00:28  added recovery 1 undefined "东马村的社会实践活动已经结束了...学习，不断思考的心，讲



" (284)
INFO 2021/9/2下午7:00:28  synced recovery
INFO 2021/9/2下午7:00:31  added recovery 1 undefined "东马村的社会实践活动已经结束了...，不断思考的心，讲思想



" (286)
INFO 2021/9/2下午7:00:31  synced recovery
INFO 2021/9/2下午7:00:38  added recovery 1 undefined "东马村的社会实践活动已经结束了...思考的心，讲思想在行动



" (289)
INFO 2021/9/2下午7:00:38  synced recovery
INFO 2021/9/2下午7:00:38  added recovery 1 undefined "东马村的社会实践活动已经结束了...断思考的心，讲思想在行



" (288)
INFO 2021/9/2下午7:00:38  synced recovery
INFO 2021/9/2下午7:00:40  added recovery 1 undefined "东马村的社会实践活动已经结束了...思考的心，讲思想在实际



" (289)
INFO 2021/9/2下午7:00:40  synced recovery
INFO 2021/9/2下午7:00:47  added recovery 1 undefined "东马村的社会实践活动已经结束了...，讲思想在实际中践行，



" (293)
INFO 2021/9/2下午7:00:47  synced recovery
INFO 2021/9/2下午7:00:52  added recovery 1 undefined "东马村的社会实践活动已经结束了...思想在实际中践行，希望



" (295)
INFO 2021/9/2下午7:00:52  synced recovery
INFO 2021/9/2下午7:00:55  added recovery 1 undefined "东马村的社会实践活动已经结束了...践行，希望我也可以学习



" (301)
INFO 2021/9/2下午7:00:55  synced recovery
INFO 2021/9/2下午7:01:02  added recovery 1 undefined "东马村的社会实践活动已经结束了...也可以学习到刘文川村长



" (307)
INFO 2021/9/2下午7:01:02  synced recovery
INFO 2021/9/2下午7:01:04  added recovery 1 undefined "东马村的社会实践活动已经结束了...以学习到刘文川村长深山



" (309)
INFO 2021/9/2下午7:01:04  synced recovery
INFO 2021/9/2下午7:01:06  added recovery 1 undefined "东马村的社会实践活动已经结束了...以学习到刘文川村长身上



" (309)
INFO 2021/9/2下午7:01:06  synced recovery
INFO 2021/9/2下午7:01:32  added recovery 1 undefined "东马村的社会实践活动已经结束了...刘文川村长身上的优点，



" (313)
INFO 2021/9/2下午7:01:32  synced recovery
INFO 2021/9/2下午7:01:36  added recovery 1 undefined "东马村的社会实践活动已经结束了...上的优点，做更好的自己



" (319)
INFO 2021/9/2下午7:01:36  synced recovery
INFO 2021/9/2下午7:01:37  added recovery 1 undefined "东马村的社会实践活动已经结束了...点，做更好的自己。





" (322)
INFO 2021/9/2下午7:01:37  synced recovery
INFO 2021/9/2下午7:04:31  added recovery 1 undefined "东马村的社会实践活动已经结束了...做更好的自己。

最后



" (324)
INFO 2021/9/2下午7:04:31  synced recovery
INFO 2021/9/2下午7:04:34  added recovery 1 undefined "东马村的社会实践活动已经结束了...好的自己。

最后，在



" (326)
INFO 2021/9/2下午7:04:34  synced recovery
INFO 2021/9/2下午7:04:40  added recovery 1 undefined "东马村的社会实践活动已经结束了...己。

最后，在这次活



" (329)
INFO 2021/9/2下午7:04:40  synced recovery
INFO 2021/9/2下午7:04:41  added recovery 1 undefined "东马村的社会实践活动已经结束了...。

最后，在这次时间



" (330)
INFO 2021/9/2下午7:04:41  synced recovery
INFO 2021/9/2下午7:04:42  added recovery 1 undefined "东马村的社会实践活动已经结束了...己。

最后，在这次时



" (329)
INFO 2021/9/2下午7:04:42  synced recovery
INFO 2021/9/2下午7:04:44  added recovery 1 undefined "东马村的社会实践活动已经结束了...。

最后，在这次实践



" (330)
INFO 2021/9/2下午7:04:44  synced recovery
INFO 2021/9/2下午7:04:47  added recovery 1 undefined "东马村的社会实践活动已经结束了...在这次实践活动中我们的



" (336)
INFO 2021/9/2下午7:04:47  synced recovery
INFO 2021/9/2下午7:04:48  added recovery 1 undefined "东马村的社会实践活动已经结束了...，在这次实践活动中我们



" (335)
INFO 2021/9/2下午7:04:48  synced recovery
INFO 2021/9/2下午7:04:49  added recovery 1 undefined "东马村的社会实践活动已经结束了...这次实践活动中我们小队



" (337)
INFO 2021/9/2下午7:04:49  synced recovery
INFO 2021/9/2下午7:04:50  added recovery 1 undefined "东马村的社会实践活动已经结束了...次实践活动中我们小队我



" (338)
INFO 2021/9/2下午7:04:50  synced recovery
INFO 2021/9/2下午7:04:51  added recovery 1 undefined "东马村的社会实践活动已经结束了...次实践活动中我们小队的



" (338)
INFO 2021/9/2下午7:04:51  synced recovery
INFO 2021/9/2下午7:04:57  added recovery 1 undefined "东马村的社会实践活动已经结束了...中我们小队的成员也一起



" (343)
INFO 2021/9/2下午7:04:57  synced recovery
INFO 2021/9/2下午7:04:58  added recovery 1 undefined "东马村的社会实践活动已经结束了...动中我们小队的成员也一



" (342)
INFO 2021/9/2下午7:04:58  synced recovery
INFO 2021/9/2下午7:04:58  added recovery 1 undefined "东马村的社会实践活动已经结束了...动中我们小队的成员也在



" (342)
INFO 2021/9/2下午7:04:58  synced recovery
INFO 2021/9/2下午7:05:03  added recovery 1 undefined "东马村的社会实践活动已经结束了...成员也在一起进步，配合



" (349)
INFO 2021/9/2下午7:05:03  synced recovery
INFO 2021/9/2下午7:05:06  added recovery 1 undefined "东马村的社会实践活动已经结束了...起进步，配合更加默契，



" (354)
INFO 2021/9/2下午7:05:06  synced recovery
INFO 2021/9/2下午7:05:09  added recovery 1 undefined "东马村的社会实践活动已经结束了...配合更加默契，虽然期间



" (358)
INFO 2021/9/2下午7:05:09  synced recovery
INFO 2021/9/2下午7:05:14  added recovery 1 undefined "东马村的社会实践活动已经结束了...契，虽然期间有一些工作



" (363)
INFO 2021/9/2下午7:05:14  synced recovery
INFO 2021/9/2下午7:05:18  added recovery 1 undefined "东马村的社会实践活动已经结束了...有一些工作没有做到最好



" (369)
INFO 2021/9/2下午7:05:18  synced recovery
INFO 2021/9/2下午7:05:31  added recovery 1 undefined "东马村的社会实践活动已经结束了...有做到最好，但是我们都



" (375)
INFO 2021/9/2下午7:05:31  synced recovery
INFO 2021/9/2下午7:05:43  added recovery 1 undefined "东马村的社会实践活动已经结束了...最好，但是我们都从这次



" (378)
INFO 2021/9/2下午7:05:43  synced recovery
INFO 2021/9/2下午7:05:47  added recovery 1 undefined "东马村的社会实践活动已经结束了...我们都从这次活动中收货



" (383)
INFO 2021/9/2下午7:05:47  synced recovery
INFO 2021/9/2下午7:05:48  added recovery 1 undefined "东马村的社会实践活动已经结束了...是我们都从这次活动中收



" (382)
INFO 2021/9/2下午7:05:48  synced recovery
INFO 2021/9/2下午7:05:50  added recovery 1 undefined "东马村的社会实践活动已经结束了...我们都从这次活动中收获



" (383)
INFO 2021/9/2下午7:05:50  synced recovery
INFO 2021/9/2下午7:05:51  added recovery 1 undefined "东马村的社会实践活动已经结束了...是我们都从这次活动中收



" (382)
INFO 2021/9/2下午7:05:51  synced recovery
INFO 2021/9/2下午7:05:57  added recovery 1 undefined "东马村的社会实践活动已经结束了...是我们都从这次活动中对



" (382)
INFO 2021/9/2下午7:05:57  synced recovery
INFO 2021/9/2下午7:06:04  added recovery 1 undefined "东马村的社会实践活动已经结束了...次活动中对团队合作有了



" (388)
INFO 2021/9/2下午7:06:04  synced recovery
INFO 2021/9/2下午7:06:07  added recovery 1 undefined "东马村的社会实践活动已经结束了...队合作有了更深的理解，



" (394)
INFO 2021/9/2下午7:06:07  synced recovery
INFO 2021/9/2下午7:06:15  added recovery 1 undefined "东马村的社会实践活动已经结束了...了更深的理解，希望我们



" (398)
INFO 2021/9/2下午7:06:15  synced recovery
INFO 2021/9/2下午7:06:20  added recovery 1 undefined "东马村的社会实践活动已经结束了...解，希望我们可以一起进



" (403)
INFO 2021/9/2下午7:06:20  synced recovery
INFO 2021/9/2下午7:06:22  added recovery 1 undefined "东马村的社会实践活动已经结束了...理解，希望我们可以一起



" (402)
INFO 2021/9/2下午7:06:22  synced recovery
INFO 2021/9/2下午7:06:36  added recovery 1 undefined "东马村的社会实践活动已经结束了...可以一起不断进步，完成



" (409)
INFO 2021/9/2下午7:06:36  synced recovery
INFO 2021/9/2下午7:06:41  added recovery 1 undefined "东马村的社会实践活动已经结束了...步，完成好这次实践活动



" (416)
INFO 2021/9/2下午7:06:41  synced recovery
INFO 2021/9/2下午7:06:43  added recovery 1 undefined "东马村的社会实践活动已经结束了...，完成好这次实践活动的



" (417)
INFO 2021/9/2下午7:06:43  synced recovery
INFO 2021/9/2下午7:06:47  added recovery 1 undefined "东马村的社会实践活动已经结束了...理解，希望我们可以一起



" (402)
INFO 2021/9/2下午7:06:47  synced recovery
INFO 2021/9/2下午7:06:53  added recovery 1 undefined "东马村的社会实践活动已经结束了...我们可以一起成为更优秀



" (407)
INFO 2021/9/2下午7:06:53  synced recovery
INFO 2021/9/2下午7:07:03  [blur] 1
INFO 2021/9/2下午7:07:03  [win] blur
INFO 2021/9/2下午7:07:40  [focus] 1
INFO 2021/9/2下午7:07:40  [blur] 1
INFO 2021/9/2下午7:07:40  [win] blur
INFO 2021/9/2下午7:07:41  [focus] 1
INFO 2021/9/2下午7:07:43  [blur] 1
INFO 2021/9/2下午7:07:43  [win] blur
INFO 2021/9/2下午7:38:45  [focus] 1
INFO 2021/9/2下午7:38:48  [blur] 1
INFO 2021/9/2下午7:38:48  [win] blur
INFO 2021/9/2下午7:38:55  [focus] 1
INFO 2021/9/2下午7:38:59  added recovery 1 undefined "我是

首先是东马村从旧村到新...一起成为更优秀的自己。



" (367)
INFO 2021/9/2下午7:38:59  synced recovery
INFO 2021/9/2下午7:39:08  added recovery 1 undefined "我是袁毅

东马村从旧村到新村...一起成为更优秀的自己。



" (366)
INFO 2021/9/2下午7:39:08  synced recovery
INFO 2021/9/2下午7:39:10  added recovery 1 undefined "我是袁毅

东马村从旧村到新村...一起成为更优秀的自己。



" (365)
INFO 2021/9/2下午7:39:10  synced recovery
INFO 2021/9/2下午7:39:10  added recovery 1 undefined "我是袁毅

东马村从旧村到新村...一起成为更优秀的自己。



" (366)
INFO 2021/9/2下午7:39:10  synced recovery
INFO 2021/9/2下午7:39:21  added recovery 1 undefined  (0)
INFO 2021/9/2下午7:39:21  synced recovery
INFO 2021/9/2下午7:39:23  [blur] 1
INFO 2021/9/2下午7:39:23  [win] blur
INFO 2021/9/2下午7:39:33  [focus] 1
INFO 2021/9/2下午7:39:36  [blur] 1
INFO 2021/9/2下午7:39:36  [win] blur
INFO 2021/9/2下午7:39:38  [focus] 1
INFO 2021/9/2下午7:39:40  added recovery 1 undefined "我是杨修齐，本次实践主要负责采...能给这次实践做一个完美的收尾。" (282)
INFO 2021/9/2下午7:39:40  synced recovery
INFO 2021/9/2下午7:39:48  synced recovery
INFO 2021/9/2下午7:39:48  ----------------before-quit-----------------
INFO 2021/9/2下午7:39:48  ------------------will-quit------------------
INFO 2021/9/2下午7:39:48  -----------------quit------------------
INFO 2021/9/2下午7:39:48  closeLogging
INFO 2021/9/2下午7:50:25  ------------------start------------------
INFO 2021/9/2下午7:50:25  typora version: 0.11.7
INFO 2021/9/2下午7:50:25  [Raven] instanceKey = b596694f-5628-4788-9325-7760cecff6bf
INFO 2021/9/2下午7:50:25  added recovery 1 null undefined (0)
INFO 2021/9/2下午7:50:25  [Raven] userId = 430e04ec-beb5-4728-b41b-b8bba8b4ad57
INFO 2021/9/2下午7:50:25  [focus] 1
INFO 2021/9/2下午7:50:25  synced recovery
INFO 2021/9/2下午7:50:26  handle document.loadInitData
INFO 2021/9/2下午7:50:26  added recovery 1 undefined undefined (0)
INFO 2021/9/2下午7:50:26  synced recovery
INFO 2021/9/2下午7:50:28  added recovery 1 undefined "我是袁毅

东马村从旧村到新村...我们可以一起成为更优秀的自己。" (240)
INFO 2021/9/2下午7:50:28  synced recovery
INFO 2021/9/2下午7:52:18  added recovery 1 undefined "我是袁毅

东马村从旧村到新村...我们可以一起成为更优秀的自己。" (239)
INFO 2021/9/2下午7:52:18  synced recovery
INFO 2021/9/2下午7:52:19  added recovery 1 undefined "我是袁毅

东马村从旧村到新村...我们可以一起成为更优秀的自己。" (238)
INFO 2021/9/2下午7:52:19  synced recovery
INFO 2021/9/2下午7:52:22  added recovery 1 undefined "我是袁毅

东马村从旧村到新村...我们可以一起成为更优秀的自己。" (238)
INFO 2021/9/2下午7:52:22  synced recovery
INFO 2021/9/2下午7:52:24  added recovery 1 undefined "我是袁毅

东马村从旧村到新村...我们可以一起成为更优秀的自己。" (238)
INFO 2021/9/2下午7:52:24  synced recovery
INFO 2021/9/2下午7:52:28  added recovery 1 undefined "我是袁毅

东马村从旧村到新村...我们可以一起成为更优秀的自己。" (238)
INFO 2021/9/2下午7:52:28  synced recovery
INFO 2021/9/2下午7:52:30  added recovery 1 undefined "我是袁毅

东马村从旧村到新村...我们可以一起成为更优秀的自己。" (237)
INFO 2021/9/2下午7:52:30  synced recovery
INFO 2021/9/2下午7:52:35  added recovery 1 undefined "我是袁毅

东马村从旧村到新村...我们可以一起成为更优秀的自己。" (238)
INFO 2021/9/2下午7:52:35  synced recovery
INFO 2021/9/2下午8:06:12  [blur] 1
INFO 2021/9/2下午8:06:12  [win] blur
INFO 2021/9/2下午8:06:51  [focus] 1
INFO 2021/9/2下午8:06:56  [blur] 1
INFO 2021/9/2下午8:06:56  [win] blur
INFO 2021/9/2下午8:07:32  [focus] 1
INFO 2021/9/2下午8:07:32  [blur] 1
INFO 2021/9/2下午8:07:32  [win] blur
INFO 2021/9/2下午8:07:32  [focus] 1
INFO 2021/9/2下午8:07:53  synced recovery
INFO 2021/9/2下午8:07:53  ----------------before-quit-----------------
INFO 2021/9/2下午8:07:53  ------------------will-quit------------------
INFO 2021/9/2下午8:07:53  -----------------quit------------------
INFO 2021/9/2下午8:07:53  closeLogging
