=========================
FCITX 4.2.9.7 -- Get Signal No.: 6
Date: try "date -d @1630585070" if you are using GNU date ***
ProcessID: 1954
fcitx(+0x17d6)[0x561a79d987d6]
/usr/lib/libc.so.6(+0x3cda0)[0x7fc8c6facda0]
/usr/lib/libc.so.6(gsignal+0x142)[0x7fc8c6facd22]
/usr/lib/libc.so.6(abort+0x116)[0x7fc8c6f96862]
/usr/lib/libc.so.6(+0x7ed28)[0x7fc8c6feed28]
/usr/lib/libc.so.6(+0x8692a)[0x7fc8c6ff692a]
/usr/lib/libc.so.6(+0x88408)[0x7fc8c6ff8408]
/usr/lib/libc.so.6(cfree+0x68)[0x7fc8c6ffb9e8]
/usr/lib/fcitx/fcitx-sogoupinyin.so(+0x346e4)[0x7fc8c2cdd6e4]
/usr/lib/fcitx/fcitx-sogoupinyin.so(+0x34635)[0x7fc8c2cdd635]
/usr/lib/fcitx/fcitx-sogoupinyin.so(+0x34561)[0x7fc8c2cdd561]
/usr/lib/fcitx/fcitx-sogoupinyin.so(+0x3437e)[0x7fc8c2cdd37e]
/usr/lib/fcitx/fcitx-sogoupinyin.so(+0x33e19)[0x7fc8c2cdce19]
/usr/lib/fcitx/fcitx-sogoupinyin.so(+0x33df6)[0x7fc8c2cdcdf6]
/usr/lib/fcitx/fcitx-sogoupinyin.so(+0x33df6)[0x7fc8c2cdcdf6]
/usr/lib/fcitx/fcitx-sogoupinyin.so(+0x33ae2)[0x7fc8c2cdcae2]
/usr/lib/fcitx/fcitx-sogoupinyin.so(+0x3476c)[0x7fc8c2cdd76c]
/usr/lib/libc.so.6(+0x3f4a7)[0x7fc8c6faf4a7]
/usr/lib/libc.so.6(+0x3f64e)[0x7fc8c6faf64e]
/usr/lib/libX11.so.6(+0x437bf)[0x7fc8c64377bf]
/usr/lib/libX11.so.6(_XIOError+0x67)[0x7fc8c6437b37]
/usr/lib/libX11.so.6(_XReply+0x420)[0x7fc8c64359a0]
/usr/lib/libX11.so.6(XSync+0x4d)[0x7fc8c6430f1d]
/usr/lib/libX11.so.6(XCloseDisplay+0x7d)[0x7fc8c64121cd]
/usr/lib/fcitx/fcitx-sogoupinyin.so(+0x3710c)[0x7fc8c2ce010c]
/usr/lib/libfcitx-core.so.0(+0x9c97)[0x7fc8c7193c97]
/usr/lib/libfcitx-core.so.0(FcitxInstanceRun+0x57)[0x7fc8c7193db7]
fcitx(+0x113e)[0x561a79d9813e]
/usr/lib/libc.so.6(__libc_start_main+0xd5)[0x7fc8c6f97b25]
fcitx(+0x11be)[0x561a79d981be]
