[2021-09-15 08:52:51.439] [exthost] [info] extension host started
[2021-09-15 08:52:51.439] [exthost] [info] Skipping acquiring lock for /home/lemon/.config/Code/User/workspaceStorage/7a4adcbc4ac2fb4c6fcb68a58c19608d.
[2021-09-15 08:52:51.504] [exthost] [info] ExtensionService#_doActivateExtension vscode.microsoft-authentication {"startup":false,"extensionId":{"value":"vscode.microsoft-authentication","_lower":"vscode.microsoft-authentication"},"activationEvent":"onAuthenticationRequest:microsoft"}
[2021-09-15 08:52:51.505] [exthost] [info] ExtensionService#loadCommonJSModule file:///opt/visual-studio-code/resources/app/extensions/microsoft-authentication/dist/extension.js
[2021-09-15 08:52:51.546] [exthost] [info] ExtensionService#_doActivateExtension KevinRose.vsc-python-indent {"startup":false,"extensionId":{"value":"KevinRose.vsc-python-indent","_lower":"kevinrose.vsc-python-indent"},"activationEvent":"onLanguage:python"}
[2021-09-15 08:52:51.546] [exthost] [info] ExtensionService#loadCommonJSModule file:///home/lemon/.vscode/extensions/kevinrose.vsc-python-indent-1.14.2/out/extension.js
[2021-09-15 08:52:51.555] [exthost] [info] ExtensionService#_doActivateExtension ms-python.python {"startup":false,"extensionId":{"value":"ms-python.vscode-pylance","_lower":"ms-python.vscode-pylance"},"activationEvent":"onLanguage:python"}
[2021-09-15 08:52:51.555] [exthost] [info] ExtensionService#loadCommonJSModule file:///home/lemon/.vscode/extensions/ms-python.python-2021.9.1191016588/out/client/extension
[2021-09-15 08:52:51.736] [exthost] [info] ExtensionService#_doActivateExtension ms-toolsai.jupyter {"startup":false,"extensionId":{"value":"ms-toolsai.jupyter","_lower":"ms-toolsai.jupyter"},"activationEvent":"onLanguage:python"}
[2021-09-15 08:52:51.736] [exthost] [info] ExtensionService#loadCommonJSModule file:///home/lemon/.vscode/extensions/ms-toolsai.jupyter-2021.8.2041215044/out/client/extension
[2021-09-15 08:52:51.942] [exthost] [info] ExtensionService#_doActivateExtension vscode.debug-auto-launch {"startup":true,"extensionId":{"value":"vscode.debug-auto-launch","_lower":"vscode.debug-auto-launch"},"activationEvent":"*"}
[2021-09-15 08:52:51.942] [exthost] [info] ExtensionService#loadCommonJSModule file:///opt/visual-studio-code/resources/app/extensions/debug-auto-launch/dist/extension
[2021-09-15 08:52:51.947] [exthost] [info] ExtensionService#_doActivateExtension vscode.git {"startup":true,"extensionId":{"value":"vscode.github","_lower":"vscode.github"},"activationEvent":"*"}
[2021-09-15 08:52:51.947] [exthost] [info] ExtensionService#loadCommonJSModule file:///opt/visual-studio-code/resources/app/extensions/git/dist/main
[2021-09-15 08:52:52.025] [exthost] [info] ExtensionService#_doActivateExtension 2gua.rainbow-brackets {"startup":true,"extensionId":{"value":"2gua.rainbow-brackets","_lower":"2gua.rainbow-brackets"},"activationEvent":"*"}
[2021-09-15 08:52:52.026] [exthost] [info] ExtensionService#loadCommonJSModule file:///home/lemon/.vscode/extensions/2gua.rainbow-brackets-0.0.6/out/src/extension
[2021-09-15 08:52:52.096] [exthost] [info] ExtensionService#_doActivateExtension HookyQR.beautify {"startup":true,"extensionId":{"value":"HookyQR.beautify","_lower":"hookyqr.beautify"},"activationEvent":"*"}
[2021-09-15 08:52:52.096] [exthost] [info] ExtensionService#loadCommonJSModule file:///home/lemon/.vscode/extensions/hookyqr.beautify-1.5.0/extension
[2021-09-15 08:52:52.159] [exthost] [info] ExtensionService#_doActivateExtension mkxml.vscode-filesize {"startup":true,"extensionId":{"value":"mkxml.vscode-filesize","_lower":"mkxml.vscode-filesize"},"activationEvent":"*"}
[2021-09-15 08:52:52.159] [exthost] [info] ExtensionService#loadCommonJSModule file:///home/lemon/.vscode/extensions/mkxml.vscode-filesize-3.1.0/dist/extension
[2021-09-15 08:52:52.166] [exthost] [info] ExtensionService#_doActivateExtension spywhere.guides {"startup":true,"extensionId":{"value":"spywhere.guides","_lower":"spywhere.guides"},"activationEvent":"*"}
[2021-09-15 08:52:52.166] [exthost] [info] ExtensionService#loadCommonJSModule file:///home/lemon/.vscode/extensions/spywhere.guides-0.9.3/out/extension
[2021-09-15 08:52:52.372] [exthost] [info] ExtensionService#_doActivateExtension streetsidesoftware.code-spell-checker {"startup":true,"extensionId":{"value":"streetsidesoftware.code-spell-checker","_lower":"streetsidesoftware.code-spell-checker"},"activationEvent":"*"}
[2021-09-15 08:52:52.372] [exthost] [info] ExtensionService#loadCommonJSModule file:///home/lemon/.vscode/extensions/streetsidesoftware.code-spell-checker-2.0.4/packages/client/dist/extension.js
[2021-09-15 08:52:52.429] [exthost] [info] ExtensionService#_doActivateExtension vscodevim.vim {"startup":true,"extensionId":{"value":"vscodevim.vim","_lower":"vscodevim.vim"},"activationEvent":"*"}
[2021-09-15 08:52:52.429] [exthost] [info] ExtensionService#loadCommonJSModule file:///home/lemon/.vscode/extensions/vscodevim.vim-1.21.7/out/extension
[2021-09-15 08:52:52.761] [exthost] [info] ExtensionService#_doActivateExtension vscode.github {"startup":true,"extensionId":{"value":"vscode.github","_lower":"vscode.github"},"activationEvent":"*"}
[2021-09-15 08:52:52.761] [exthost] [info] ExtensionService#loadCommonJSModule file:///opt/visual-studio-code/resources/app/extensions/github/dist/extension.js
[2021-09-15 08:52:52.995] [exthost] [info] ExtensionService#_doActivateExtension ms-vscode.js-debug {"startup":false,"extensionId":{"value":"ms-vscode.js-debug","_lower":"ms-vscode.js-debug"},"activationEvent":"onCommand:extension.js-debug.clearAutoAttachVariables"}
[2021-09-15 08:52:52.995] [exthost] [info] ExtensionService#loadCommonJSModule file:///opt/visual-studio-code/resources/app/extensions/ms-vscode.js-debug/src/extension.js
[2021-09-15 08:52:53.190] [exthost] [info] eager extensions activated
[2021-09-15 08:52:53.244] [exthost] [info] ExtensionService#_doActivateExtension vscode.emmet {"startup":false,"extensionId":{"value":"vscode.emmet","_lower":"vscode.emmet"},"activationEvent":"onStartupFinished"}
[2021-09-15 08:52:53.244] [exthost] [info] ExtensionService#loadCommonJSModule file:///opt/visual-studio-code/resources/app/extensions/emmet/dist/node/emmetNodeMain
[2021-09-15 08:52:53.261] [exthost] [info] ExtensionService#_doActivateExtension vscode.merge-conflict {"startup":false,"extensionId":{"value":"vscode.merge-conflict","_lower":"vscode.merge-conflict"},"activationEvent":"onStartupFinished"}
[2021-09-15 08:52:53.261] [exthost] [info] ExtensionService#loadCommonJSModule file:///opt/visual-studio-code/resources/app/extensions/merge-conflict/dist/mergeConflictMain
[2021-09-15 08:52:53.266] [exthost] [info] ExtensionService#_doActivateExtension formulahendry.code-runner {"startup":false,"extensionId":{"value":"formulahendry.code-runner","_lower":"formulahendry.code-runner"},"activationEvent":"onStartupFinished"}
[2021-09-15 08:52:53.266] [exthost] [info] ExtensionService#loadCommonJSModule file:///home/lemon/.vscode/extensions/formulahendry.code-runner-0.11.5/out/src/extension
[2021-09-15 08:52:53.315] [exthost] [info] ExtensionService#_doActivateExtension ms-python.vscode-pylance {"startup":false,"extensionId":{"value":"ms-python.vscode-pylance","_lower":"ms-python.vscode-pylance"},"activationEvent":"onLanguage:python"}
[2021-09-15 08:52:53.315] [exthost] [info] ExtensionService#loadCommonJSModule file:///home/lemon/.vscode/extensions/ms-python.vscode-pylance-2021.9.1/dist/extension.bundle.js
[2021-09-15 08:52:53.496] [exthost] [info] ExtensionService#_doActivateExtension vscode.github-authentication {"startup":false,"extensionId":{"value":"vscode.github-authentication","_lower":"vscode.github-authentication"},"activationEvent":"onAuthenticationRequest:github"}
[2021-09-15 08:52:53.497] [exthost] [info] ExtensionService#loadCommonJSModule file:///opt/visual-studio-code/resources/app/extensions/github-authentication/dist/extension.js
[2021-09-15 08:56:33.101] [exthost] [info] ExtensionService#_doActivateExtension ms-azuretools.vscode-docker {"startup":false,"extensionId":{"value":"ms-azuretools.vscode-docker","_lower":"ms-azuretools.vscode-docker"},"activationEvent":"onView:dockerContainers"}
[2021-09-15 08:56:33.102] [exthost] [info] ExtensionService#loadCommonJSModule file:///home/lemon/.vscode/extensions/ms-azuretools.vscode-docker-1.16.1/main
[2021-09-15 09:01:38.339] [exthost] [info] ExtensionService#_doActivateExtension gamedilong.anes {"startup":false,"extensionId":{"value":"gamedilong.anes","_lower":"gamedilong.anes"},"activationEvent":"onView:romLocal"}
[2021-09-15 09:01:38.339] [exthost] [info] ExtensionService#loadCommonJSModule file:///home/lemon/.vscode/extensions/gamedilong.anes-0.0.2/extension.js
[2021-09-15 12:00:41.921] [exthost] [info] extension host terminating: renderer closed the socket
[2021-09-15 12:00:41.950] [exthost] [error] Error: ENOENT: no such file or directory, open '/home/lemon/.config/Code/User/globalStorage/vscodevim.vim/.registers'
[2021-09-15 12:00:42.945] [exthost] [info] exiting with code 0
[2021-09-15 12:00:44.549] [exthost] [info] extension host started
[2021-09-15 12:00:44.549] [exthost] [info] Skipping acquiring lock for /home/lemon/.config/Code/User/workspaceStorage/7a4adcbc4ac2fb4c6fcb68a58c19608d.
[2021-09-15 12:00:44.628] [exthost] [info] ExtensionService#_doActivateExtension vscode.microsoft-authentication {"startup":false,"extensionId":{"value":"vscode.microsoft-authentication","_lower":"vscode.microsoft-authentication"},"activationEvent":"onAuthenticationRequest:microsoft"}
[2021-09-15 12:00:44.628] [exthost] [info] ExtensionService#loadCommonJSModule file:///opt/visual-studio-code/resources/app/extensions/microsoft-authentication/dist/extension.js
[2021-09-15 12:00:44.643] [exthost] [info] ExtensionService#_doActivateExtension KevinRose.vsc-python-indent {"startup":false,"extensionId":{"value":"KevinRose.vsc-python-indent","_lower":"kevinrose.vsc-python-indent"},"activationEvent":"onLanguage:python"}
[2021-09-15 12:00:44.644] [exthost] [info] ExtensionService#loadCommonJSModule file:///home/lemon/.vscode/extensions/kevinrose.vsc-python-indent-1.14.2/out/extension.js
[2021-09-15 12:00:44.647] [exthost] [info] ExtensionService#_doActivateExtension ms-python.python {"startup":false,"extensionId":{"value":"ms-python.vscode-pylance","_lower":"ms-python.vscode-pylance"},"activationEvent":"onLanguage:python"}
[2021-09-15 12:00:44.647] [exthost] [info] ExtensionService#loadCommonJSModule file:///home/lemon/.vscode/extensions/ms-python.python-2021.9.1230869389/out/client/extension
[2021-09-15 12:00:44.830] [exthost] [info] ExtensionService#_doActivateExtension ms-toolsai.jupyter {"startup":false,"extensionId":{"value":"ms-toolsai.jupyter","_lower":"ms-toolsai.jupyter"},"activationEvent":"onLanguage:python"}
[2021-09-15 12:00:44.830] [exthost] [info] ExtensionService#loadCommonJSModule file:///home/lemon/.vscode/extensions/ms-toolsai.jupyter-2021.8.2041215044/out/client/extension
[2021-09-15 12:00:44.921] [exthost] [info] ExtensionService#_doActivateExtension vscode.debug-auto-launch {"startup":true,"extensionId":{"value":"vscode.debug-auto-launch","_lower":"vscode.debug-auto-launch"},"activationEvent":"*"}
[2021-09-15 12:00:44.921] [exthost] [info] ExtensionService#loadCommonJSModule file:///opt/visual-studio-code/resources/app/extensions/debug-auto-launch/dist/extension
[2021-09-15 12:00:44.924] [exthost] [info] ExtensionService#_doActivateExtension vscode.git {"startup":true,"extensionId":{"value":"vscode.github","_lower":"vscode.github"},"activationEvent":"*"}
[2021-09-15 12:00:44.924] [exthost] [info] ExtensionService#loadCommonJSModule file:///opt/visual-studio-code/resources/app/extensions/git/dist/main
[2021-09-15 12:00:44.946] [exthost] [info] ExtensionService#_doActivateExtension 2gua.rainbow-brackets {"startup":true,"extensionId":{"value":"2gua.rainbow-brackets","_lower":"2gua.rainbow-brackets"},"activationEvent":"*"}
[2021-09-15 12:00:44.947] [exthost] [info] ExtensionService#loadCommonJSModule file:///home/lemon/.vscode/extensions/2gua.rainbow-brackets-0.0.6/out/src/extension
[2021-09-15 12:00:44.948] [exthost] [info] ExtensionService#_doActivateExtension HookyQR.beautify {"startup":true,"extensionId":{"value":"HookyQR.beautify","_lower":"hookyqr.beautify"},"activationEvent":"*"}
[2021-09-15 12:00:44.948] [exthost] [info] ExtensionService#loadCommonJSModule file:///home/lemon/.vscode/extensions/hookyqr.beautify-1.5.0/extension
[2021-09-15 12:00:44.973] [exthost] [info] ExtensionService#_doActivateExtension mkxml.vscode-filesize {"startup":true,"extensionId":{"value":"mkxml.vscode-filesize","_lower":"mkxml.vscode-filesize"},"activationEvent":"*"}
[2021-09-15 12:00:44.973] [exthost] [info] ExtensionService#loadCommonJSModule file:///home/lemon/.vscode/extensions/mkxml.vscode-filesize-3.1.0/dist/extension
[2021-09-15 12:00:44.982] [exthost] [info] ExtensionService#_doActivateExtension spywhere.guides {"startup":true,"extensionId":{"value":"spywhere.guides","_lower":"spywhere.guides"},"activationEvent":"*"}
[2021-09-15 12:00:44.982] [exthost] [info] ExtensionService#loadCommonJSModule file:///home/lemon/.vscode/extensions/spywhere.guides-0.9.3/out/extension
[2021-09-15 12:00:45.064] [exthost] [info] ExtensionService#_doActivateExtension streetsidesoftware.code-spell-checker {"startup":true,"extensionId":{"value":"streetsidesoftware.code-spell-checker","_lower":"streetsidesoftware.code-spell-checker"},"activationEvent":"*"}
[2021-09-15 12:00:45.064] [exthost] [info] ExtensionService#loadCommonJSModule file:///home/lemon/.vscode/extensions/streetsidesoftware.code-spell-checker-2.0.4/packages/client/dist/extension.js
[2021-09-15 12:00:45.080] [exthost] [info] ExtensionService#_doActivateExtension vscodevim.vim {"startup":true,"extensionId":{"value":"vscodevim.vim","_lower":"vscodevim.vim"},"activationEvent":"*"}
[2021-09-15 12:00:45.080] [exthost] [info] ExtensionService#loadCommonJSModule file:///home/lemon/.vscode/extensions/vscodevim.vim-1.21.7/out/extension
[2021-09-15 12:00:45.484] [exthost] [info] ExtensionService#_doActivateExtension vscode.github {"startup":true,"extensionId":{"value":"vscode.github","_lower":"vscode.github"},"activationEvent":"*"}
[2021-09-15 12:00:45.485] [exthost] [info] ExtensionService#loadCommonJSModule file:///opt/visual-studio-code/resources/app/extensions/github/dist/extension.js
[2021-09-15 12:00:45.518] [exthost] [info] ExtensionService#_doActivateExtension ms-python.vscode-pylance {"startup":false,"extensionId":{"value":"ms-python.vscode-pylance","_lower":"ms-python.vscode-pylance"},"activationEvent":"onLanguage:python"}
[2021-09-15 12:00:45.518] [exthost] [info] ExtensionService#loadCommonJSModule file:///home/lemon/.vscode/extensions/ms-python.vscode-pylance-2021.9.1/dist/extension.bundle.js
[2021-09-15 12:00:45.595] [exthost] [info] eager extensions activated
[2021-09-15 12:00:45.666] [exthost] [info] ExtensionService#_doActivateExtension ms-vscode.js-debug {"startup":false,"extensionId":{"value":"ms-vscode.js-debug","_lower":"ms-vscode.js-debug"},"activationEvent":"onCommand:extension.js-debug.clearAutoAttachVariables"}
[2021-09-15 12:00:45.666] [exthost] [info] ExtensionService#loadCommonJSModule file:///opt/visual-studio-code/resources/app/extensions/ms-vscode.js-debug/src/extension.js
[2021-09-15 12:00:45.758] [exthost] [info] ExtensionService#_doActivateExtension vscode.emmet {"startup":false,"extensionId":{"value":"vscode.emmet","_lower":"vscode.emmet"},"activationEvent":"onStartupFinished"}
[2021-09-15 12:00:45.758] [exthost] [info] ExtensionService#loadCommonJSModule file:///opt/visual-studio-code/resources/app/extensions/emmet/dist/node/emmetNodeMain
[2021-09-15 12:00:45.764] [exthost] [info] ExtensionService#_doActivateExtension vscode.merge-conflict {"startup":false,"extensionId":{"value":"vscode.merge-conflict","_lower":"vscode.merge-conflict"},"activationEvent":"onStartupFinished"}
[2021-09-15 12:00:45.764] [exthost] [info] ExtensionService#loadCommonJSModule file:///opt/visual-studio-code/resources/app/extensions/merge-conflict/dist/mergeConflictMain
[2021-09-15 12:00:45.765] [exthost] [info] ExtensionService#_doActivateExtension formulahendry.code-runner {"startup":false,"extensionId":{"value":"formulahendry.code-runner","_lower":"formulahendry.code-runner"},"activationEvent":"onStartupFinished"}
[2021-09-15 12:00:45.766] [exthost] [info] ExtensionService#loadCommonJSModule file:///home/lemon/.vscode/extensions/formulahendry.code-runner-0.11.5/out/src/extension
[2021-09-15 12:00:45.795] [exthost] [info] ExtensionService#_doActivateExtension vscode.github-authentication {"startup":false,"extensionId":{"value":"vscode.github-authentication","_lower":"vscode.github-authentication"},"activationEvent":"onAuthenticationRequest:github"}
[2021-09-15 12:00:45.795] [exthost] [info] ExtensionService#loadCommonJSModule file:///opt/visual-studio-code/resources/app/extensions/github-authentication/dist/extension.js
[2021-09-15 18:21:48.260] [exthost] [info] extension host terminating: renderer closed the socket
[2021-09-15 18:21:48.288] [exthost] [error] Error: ENOENT: no such file or directory, open '/home/lemon/.config/Code/User/globalStorage/vscodevim.vim/.registers'
[2021-09-15 18:21:49.281] [exthost] [info] exiting with code 0
