[2021-09-04 15:51:58.190] [warn]  [Motrix] Logger init
[2021-09-04 15:52:01.130] [warn]  [Motrix] UPnPManager map 21301 failed, error:  Error: UPnP port mapping failed
    at /tmp/.mount_motrixTHUeog/resources/app.asar/node_modules/@motrix/nat-api/index.js:226:25
    at /tmp/.mount_motrixTHUeog/resources/app.asar/node_modules/@motrix/nat-api/index.js:327:16
    at /tmp/.mount_motrixTHUeog/resources/app.asar/node_modules/@motrix/nat-api/lib/upnp/index.js:24:23
    at Timeout._onTimeout (/tmp/.mount_motrixTHUeog/resources/app.asar/node_modules/@motrix/nat-api/lib/upnp/index.js:193:7)
    at listOnTimeout (internal/timers.js:549:17)
    at processTimers (internal/timers.js:492:7)
[2021-09-04 15:52:01.132] [warn]  [Motrix] UPnPManager map 26701 failed, error:  Error: UPnP port mapping failed
    at /tmp/.mount_motrixTHUeog/resources/app.asar/node_modules/@motrix/nat-api/index.js:226:25
    at /tmp/.mount_motrixTHUeog/resources/app.asar/node_modules/@motrix/nat-api/index.js:327:16
    at /tmp/.mount_motrixTHUeog/resources/app.asar/node_modules/@motrix/nat-api/lib/upnp/index.js:24:23
    at Timeout._onTimeout (/tmp/.mount_motrixTHUeog/resources/app.asar/node_modules/@motrix/nat-api/lib/upnp/index.js:193:7)
    at listOnTimeout (internal/timers.js:549:17)
    at processTimers (internal/timers.js:492:7)
[2021-09-04 15:52:05.551] [warn]  [Motrix] auto sync tracker data: [
  'http://185.230.4.150:1337/announce\n' +
    '\n' +
    'udp://93.158.213.92:1337/announce\n' +
    '\n' +
    'udp://151.80.120.112:2810/announce\n' +
    '\n' +
    'udp://45.154.253.9:6969/announce\n' +
    '\n' +
    'http://45.154.253.4:80/announce\n' +
    '\n' +
    'http://198.251.84.144:80/announce\n' +
    '\n' +
    'udp://185.181.60.67:80/announce\n' +
    '\n' +
    'udp://208.83.20.20:6969/announce\n' +
    '\n' +
    'udp://91.216.110.52:451/announce\n' +
    '\n' +
    'udp://156.234.201.18:80/announce\n' +
    '\n' +
    'udp://51.15.55.204:1337/announce\n' +
    '\n' +
    'udp://163.172.170.127:6969/announce\n' +
    '\n' +
    'udp://95.217.161.135:6969/announce\n' +
    '\n' +
    'udp://103.196.36.31:6969/announce\n' +
    '\n' +
    'udp://78.30.254.12:2710/announce\n' +
    '\n' +
    'udp://212.1.226.176:2710/announce\n' +
    '\n',
  'http://p4p.arenabg.com:1337/announce\n' +
    '\n' +
    'udp://tracker.opentrackr.org:1337/announce\n' +
    '\n' +
    'udp://9.rarbg.com:2810/announce\n' +
    '\n' +
    'udp://tracker.openbittorrent.com:6969/announce\n' +
    '\n' +
    'http://tracker.openbittorrent.com:80/announce\n' +
    '\n' +
    'http://openbittorrent.com:80/announce\n' +
    '\n' +
    'udp://retracker.lanta-net.ru:2710/announce\n' +
    '\n' +
    'udp://open.stealth.si:80/announce\n' +
    '\n' +
    'udp://exodus.desync.com:6969/announce\n' +
    '\n' +
    'udp://www.torrent.eu.org:451/announce\n' +
    '\n' +
    'udp://tracker1.bt.moack.co.kr:80/announce\n' +
    '\n' +
    'udp://tracker.zerobytes.xyz:1337/announce\n' +
    '\n' +
    'udp://tracker.tvunderground.org.ru:3218/announce\n' +
    '\n' +
    'udp://tracker.torrent.eu.org:451/announce\n' +
    '\n' +
    'udp://tracker.moeking.me:6969/announce\n' +
    '\n' +
    'udp://tracker.lelux.fi:6969/announce\n' +
    '\n' +
    'udp://tracker.army:6969/announce\n' +
    '\n' +
    'udp://retracker.sevstar.net:2710/announce\n' +
    '\n' +
    'udp://retracker.netbynet.ru:2710/announce\n' +
    '\n' +
    'udp://opentor.org:2710/announce\n' +
    '\n'
]
[2021-09-04 21:13:25.875] [warn]  [Motrix] Logger init
[2021-09-04 21:13:29.011] [warn]  [Motrix] UPnPManager map 21301 failed, error:  Error: UPnP port mapping failed
    at /tmp/.mount_motrixBaAm5x/resources/app.asar/node_modules/@motrix/nat-api/index.js:226:25
    at /tmp/.mount_motrixBaAm5x/resources/app.asar/node_modules/@motrix/nat-api/index.js:327:16
    at /tmp/.mount_motrixBaAm5x/resources/app.asar/node_modules/@motrix/nat-api/lib/upnp/index.js:24:23
    at Timeout._onTimeout (/tmp/.mount_motrixBaAm5x/resources/app.asar/node_modules/@motrix/nat-api/lib/upnp/index.js:193:7)
    at listOnTimeout (internal/timers.js:549:17)
    at processTimers (internal/timers.js:492:7)
[2021-09-04 21:13:29.013] [warn]  [Motrix] UPnPManager map 26701 failed, error:  Error: UPnP port mapping failed
    at /tmp/.mount_motrixBaAm5x/resources/app.asar/node_modules/@motrix/nat-api/index.js:226:25
    at /tmp/.mount_motrixBaAm5x/resources/app.asar/node_modules/@motrix/nat-api/index.js:327:16
    at /tmp/.mount_motrixBaAm5x/resources/app.asar/node_modules/@motrix/nat-api/lib/upnp/index.js:24:23
    at Timeout._onTimeout (/tmp/.mount_motrixBaAm5x/resources/app.asar/node_modules/@motrix/nat-api/lib/upnp/index.js:193:7)
    at listOnTimeout (internal/timers.js:549:17)
    at processTimers (internal/timers.js:492:7)
[2021-09-06 08:57:29.123] [warn]  [Motrix] Logger init
[2021-09-06 08:57:31.594] [warn]  [Motrix] auto sync tracker data: [
  'http://185.230.4.150:1337/announce\n' +
    '\n' +
    'udp://93.158.213.92:1337/announce\n' +
    '\n' +
    'udp://151.80.120.113:2810/announce\n' +
    '\n' +
    'udp://45.154.253.4:6969/announce\n' +
    '\n' +
    'http://45.154.253.4:80/announce\n' +
    '\n' +
    'udp://208.83.20.20:6969/announce\n' +
    '\n' +
    'udp://89.234.156.205:451/announce\n' +
    '\n' +
    'udp://84.252.74.35:6969/announce\n' +
    '\n' +
    'udp://163.172.170.127:6969/announce\n' +
    '\n' +
    'udp://217.30.10.54:6969/announce\n' +
    '\n' +
    'udp://212.1.226.176:2710/announce\n' +
    '\n' +
    'udp://185.181.60.67:80/announce\n' +
    '\n' +
    'udp://207.241.231.226:6969/announce\n' +
    '\n' +
    'udp://207.241.226.111:6969/announce\n' +
    '\n',
  'http://p4p.arenabg.com:1337/announce\n' +
    '\n' +
    'udp://tracker.opentrackr.org:1337/announce\n' +
    '\n' +
    'udp://9.rarbg.com:2810/announce\n' +
    '\n' +
    'udp://tracker.openbittorrent.com:6969/announce\n' +
    '\n' +
    'http://tracker.openbittorrent.com:80/announce\n' +
    '\n' +
    'udp://exodus.desync.com:6969/announce\n' +
    '\n' +
    'http://openbittorrent.com:80/announce\n' +
    '\n' +
    'udp://www.torrent.eu.org:451/announce\n' +
    '\n' +
    'udp://tracker.torrent.eu.org:451/announce\n' +
    '\n' +
    'udp://tracker.ololosh.space:6969/announce\n' +
    '\n' +
    'udp://tracker.moeking.me:6969/announce\n' +
    '\n' +
    'udp://tracker.grepler.com:6969/announce\n' +
    '\n' +
    'udp://tracker.dler.org:6969/announce\n' +
    '\n' +
    'udp://tracker-de.ololosh.space:6969/announce\n' +
    '\n' +
    'udp://retracker.netbynet.ru:2710/announce\n' +
    '\n' +
    'udp://retracker.lanta-net.ru:2710/announce\n' +
    '\n' +
    'udp://opentor.org:2710/announce\n' +
    '\n' +
    'udp://open.stealth.si:80/announce\n' +
    '\n' +
    'udp://bt2.archive.org:6969/announce\n' +
    '\n' +
    'udp://bt1.archive.org:6969/announce\n' +
    '\n'
]
[2021-09-06 08:57:32.316] [warn]  [Motrix] UPnPManager map 21301 failed, error:  Error: UPnP port mapping failed
    at /tmp/.mount_motrixt8bMYr/resources/app.asar/node_modules/@motrix/nat-api/index.js:226:25
    at /tmp/.mount_motrixt8bMYr/resources/app.asar/node_modules/@motrix/nat-api/index.js:327:16
    at /tmp/.mount_motrixt8bMYr/resources/app.asar/node_modules/@motrix/nat-api/lib/upnp/index.js:24:23
    at Timeout._onTimeout (/tmp/.mount_motrixt8bMYr/resources/app.asar/node_modules/@motrix/nat-api/lib/upnp/index.js:193:7)
    at listOnTimeout (internal/timers.js:549:17)
    at processTimers (internal/timers.js:492:7)
[2021-09-06 08:57:32.317] [warn]  [Motrix] UPnPManager map 26701 failed, error:  Error: UPnP port mapping failed
    at /tmp/.mount_motrixt8bMYr/resources/app.asar/node_modules/@motrix/nat-api/index.js:226:25
    at /tmp/.mount_motrixt8bMYr/resources/app.asar/node_modules/@motrix/nat-api/index.js:327:16
    at /tmp/.mount_motrixt8bMYr/resources/app.asar/node_modules/@motrix/nat-api/lib/upnp/index.js:24:23
    at Timeout._onTimeout (/tmp/.mount_motrixt8bMYr/resources/app.asar/node_modules/@motrix/nat-api/lib/upnp/index.js:193:7)
    at listOnTimeout (internal/timers.js:549:17)
    at processTimers (internal/timers.js:492:7)
[2021-09-15 08:38:12.736] [warn]  [Motrix] Logger init
[2021-09-15 08:38:15.286] [warn]  [Motrix] UPnPManager map 21301 failed, error:  Error: UPnP port mapping failed
    at /tmp/.mount_motrix4M0Cp3/resources/app.asar/node_modules/@motrix/nat-api/index.js:226:25
    at /tmp/.mount_motrix4M0Cp3/resources/app.asar/node_modules/@motrix/nat-api/index.js:327:16
    at /tmp/.mount_motrix4M0Cp3/resources/app.asar/node_modules/@motrix/nat-api/lib/upnp/index.js:24:23
    at Timeout._onTimeout (/tmp/.mount_motrix4M0Cp3/resources/app.asar/node_modules/@motrix/nat-api/lib/upnp/index.js:193:7)
    at listOnTimeout (internal/timers.js:549:17)
    at processTimers (internal/timers.js:492:7)
[2021-09-15 08:38:15.286] [warn]  [Motrix] UPnPManager map 26701 failed, error:  Error: UPnP port mapping failed
    at /tmp/.mount_motrix4M0Cp3/resources/app.asar/node_modules/@motrix/nat-api/index.js:226:25
    at /tmp/.mount_motrix4M0Cp3/resources/app.asar/node_modules/@motrix/nat-api/index.js:327:16
    at /tmp/.mount_motrix4M0Cp3/resources/app.asar/node_modules/@motrix/nat-api/lib/upnp/index.js:24:23
    at Timeout._onTimeout (/tmp/.mount_motrix4M0Cp3/resources/app.asar/node_modules/@motrix/nat-api/lib/upnp/index.js:193:7)
    at listOnTimeout (internal/timers.js:549:17)
    at processTimers (internal/timers.js:492:7)
[2021-09-15 08:40:23.593] [warn]  [Motrix] auto sync tracker data: [ null ]
